-4.5     0.022178075009213982
-4.469899665551839     0.024513685170963313
-4.4397993311036785     0.027290660289818455
-4.409698996655519     0.030635241566579586
-4.379598662207358     0.034723962576011805
-4.349498327759197     0.039810280483166614
-4.3193979933110365     0.04626942293342606
-4.289297658862877     0.054677247662984874
-4.259197324414716     0.06595604951070311
-4.229096989966555     0.08166034697829155
-4.198996655518394     0.10457592128269995
-4.168896321070234     0.14007154149706796
-4.138795986622074     0.1993586736961859
-4.108695652173913     0.30726767980119474
-4.078595317725752     0.5119685701807725
-4.048494983277592     0.8102325812141566
-4.018394648829432     0.9536485634554804
-3.988294314381271     0.9016681364163306
-3.9581939799331103     0.8120608296035686
-3.9280936454849495     0.7343626661541499
-3.8979933110367893     0.6725707487722252
-3.867892976588629     0.6234768981573302
-3.8377926421404682     0.5838740597517291
-3.8076923076923075     0.5513550706893126
-3.777591973244147     0.5239851205352356
-3.7474916387959865     0.5003734324786742
-3.717391304347826     0.4804877492255162
-3.6872909698996654     0.46400372247300015
-3.657190635451505     0.44813937629636763
-3.6270903010033444     0.4340742163434183
-3.596989966555184     0.4239347569267264
-3.5668896321070234     0.4116578077317975
-3.5367892976588626     0.40236504794596056
-3.5066889632107023     0.3952910407229717
-3.476588628762542     0.3845731794578116
-3.4464882943143813     0.38113615585417643
-3.4163879598662206     0.37134277708200625
-3.3862876254180603     0.3681826026882946
-3.3561872909698995     0.36146936504644095
-3.3260869565217392     0.3569098178325916
-3.2959866220735785     0.3536643725870698
-3.2658862876254178     0.3476243627221755
-3.2357859531772575     0.34725154872632935
-3.205685618729097     0.34024955360804854
-3.1755852842809364     0.341987091458557
-3.1454849498327757     0.3345700245239744
-3.1153846153846154     0.33780042557122625
-3.085284280936455     0.3303967409872719
-3.0551839464882944     0.3346684248465299
-3.0250836120401337     0.3276125954612259
-2.994983277591973     0.3325890526883667
-2.9648829431438126     0.3261611839339107
-2.9347826086956523     0.331596681547124
-2.9046822742474916     0.3260239517864249
-2.874581939799331     0.3317839514980724
-2.8444816053511706     0.32720925308749343
-2.8143812709030103     0.3333134732552866
-2.7842809364548495     0.3297642775191809
-2.754180602006689     0.33641547454162624
-2.724080267558528     0.3338136454479804
-2.6939799331103678     0.341374735019433
-2.6638795986622075     0.3396290827649767
-2.6337792642140467     0.34850821144535726
-2.603678929765886     0.3477447904405456
-2.5735785953177257     0.3581345994557404
-2.5434782608695654     0.35912770328410776
-2.5133779264214047     0.3706095859349905
-2.483277591973244     0.37528512459764846
-2.4531772575250836     0.38681359697857953
-2.423076923076923     0.3978298989392242
-2.3929765886287626     0.40977105945775005
-2.362876254180602     0.427635925023179
-2.3327759197324416     0.44558592301973826
-2.302675585284281     0.4690700960164729
-2.2725752508361206     0.49911209470440093
-2.24247491638796     0.5362518977414277
-2.212374581939799     0.5837071250128049
-2.182274247491639     0.6424042330382003
-2.152173913043478     0.6975035950554108
-2.1220735785953178     0.6689417755329506
-2.091973244147157     0.47432247832860663
-2.0618729096989967     0.28443195108619296
-2.031772575250836     0.17889910308992607
-2.0016722408026757     0.12259724071879761
-1.971571906354515     0.09005583808998653
-1.9414715719063547     0.06963636294051108
-1.911371237458194     0.05594065256768658
-1.8812709030100332     0.04626239098917996
-1.851170568561873     0.039135679470223755
-1.8210702341137122     0.033711928870402114
-1.7909698996655519     0.02947188312979179
-1.7608695652173911     0.02608276979033362
-1.7307692307692308     0.023322883568741005
-1.70066889632107     0.021039572425977218
-1.6705685618729098     0.01912472443146579
-1.640468227424749     0.017499882838515352
-1.6103678929765888     0.016106888403060498
-1.580267558528428     0.014901815049830017
-1.5501672240802673     0.013850933188265227
-1.520066889632107     0.012927958146935078
-1.4899665551839463     0.012112134421677688
-1.459866220735786     0.011386876237733375
-1.4297658862876252     0.010738786181898448
-1.399665551839465     0.010156935655091846
-1.3695652173913042     0.009632329769811638
-1.339464882943144     0.009157504228415757
-1.3093645484949832     0.008726218001549293
-1.2792642140468224     0.008333216464665472
-1.2491638795986622     0.007974046986437323
-1.2190635451505014     0.007644914004936761
-1.1889632107023411     0.007342564142663636
-1.1588628762541804     0.007064194394789329
-1.12876254180602     0.006807378200946559
-1.0986622073578594     0.006570005495639581
-1.068561872909699     0.0063502337717377556
-1.0384615384615383     0.006146447885302415
-1.008361204013378     0.005957226847238523
-0.9782608695652173     0.005781316236308338
-0.9481605351170566     0.005617605163116681
-0.9180602006688963     0.0054651069402415296
-0.8879598662207355     0.005322942787400641
-0.8578595317725752     0.0051903280352765865
-0.8277591973244145     0.005066560396818458
-0.7976588628762542     0.004951009957495368
-0.7675585284280935     0.004843110601317206
-0.7374581939799332     0.004742352641387464
-0.7073578595317724     0.004648276465282265
-0.6772575250836121     0.004560467038924723
-0.6471571906354514     0.0044785491395792675
-0.6170568561872907     0.004402183210467976
-0.5869565217391304     0.004331061747347996
-0.5568561872909696     0.004264906141998928
-0.5267558528428093     0.0042034639195859405
-0.4966555183946486     0.004146506316791674
-0.4665551839464879     0.0040938261558441736
-0.436454849498328     0.004045235976426324
-0.4063545150501673     0.004000566393187432
-0.37625418060200655     0.003959664651393146
-0.3461538461538458     0.003922393357310261
-0.3160535117056851     0.0038886293633612007
-0.2859531772575252     0.003858262791007415
-0.2558528428093645     0.003831196176820361
-0.22575250836120375     0.003807343729346564
-0.19565217391304301     0.0037866306862290337
-0.16555183946488317     0.003768992762661651
-0.13545150501672243     0.0037543756836683232
-0.10535117056856169     0.0037427347939491874
-0.07525083612040095     0.0037340347401530207
-0.045150501672241106     0.00372824922144345
-0.015050167224080369     0.0037253608051496874
0.015050167224080369     0.0037253608051496883
0.045150501672241106     0.0037282492214434507
0.07525083612040184     0.0037340347401530207
0.10535117056856169     0.0037427347939491887
0.13545150501672243     0.0037543756836683224
0.16555183946488317     0.003768992762661651
0.1956521739130439     0.0037866306862290337
0.22575250836120375     0.003807343729346564
0.2558528428093645     0.003831196176820361
0.2859531772575252     0.0038582627910074144
0.31605351170568596     0.0038886293633612025
0.3461538461538467     0.0039223933573102636
0.37625418060200655     0.003959664651393147
0.4063545150501673     0.004000566393187432
0.436454849498328     0.004045235976426324
0.46655518394648876     0.004093826155844174
0.4966555183946486     0.004146506316791674
0.5267558528428093     0.004203463919585942
0.5568561872909701     0.004264906141998928
0.5869565217391308     0.0043310617473479975
0.6170568561872907     0.004402183210467977
0.6471571906354514     0.004478549139579265
0.6772575250836121     0.004560467038924723
0.7073578595317729     0.0046482764652822665
0.7374581939799336     0.0047423526413874675
0.7675585284280935     0.004843110601317204
0.7976588628762542     0.004951009957495367
0.8277591973244149     0.005066560396818458
0.8578595317725757     0.005190328035276588
0.8879598662207355     0.00532294278740064
0.9180602006688963     0.0054651069402415296
0.948160535117057     0.005617605163116683
0.9782608695652177     0.005781316236308341
1.0083612040133785     0.005957226847238526
1.0384615384615383     0.006146447885302416
1.068561872909699     0.006350233771737756
1.0986622073578598     0.006570005495639586
1.1287625418060205     0.0068073782009465626
1.1588628762541804     0.007064194394789328
1.1889632107023411     0.007342564142663633
1.2190635451505019     0.007644914004936765
1.2491638795986626     0.007974046986437328
1.2792642140468224     0.008333216464665474
1.3093645484949832     0.008726218001549293
1.339464882943144     0.009157504228415759
1.3695652173913047     0.009632329769811649
1.3996655518394654     0.010156935655091855
1.4297658862876252     0.010738786181898448
1.459866220735786     0.011386876237733375
1.4899665551839467     0.012112134421677705
1.5200668896321075     0.012927958146935092
1.5501672240802673     0.013850933188265233
1.580267558528428     0.014901815049830019
1.6103678929765888     0.016106888403060498
1.6404682274247495     0.017499882838515387
1.6705685618729103     0.01912472443146582
1.70066889632107     0.021039572425977218
1.7307692307692308     0.023322883568741015
1.7608695652173916     0.026082769790333672
1.7909698996655523     0.029471883129791855
1.8210702341137122     0.03371192887040214
1.851170568561873     0.03913567947022378
1.8812709030100336     0.046262390989180106
1.9113712374581944     0.055940652567686815
1.941471571906355     0.06963636294051144
1.971571906354515     0.09005583808998671
2.0016722408026757     0.12259724071879798
2.0317725752508364     0.17889910308992785
2.061872909698997     0.28443195108619657
2.091973244147157     0.4743224783286088
2.1220735785953178     0.6689417755329501
2.1521739130434785     0.6975035950554072
2.1822742474916392     0.6424042330381988
2.212374581939799     0.5837071250128061
2.24247491638796     0.5362518977414271
2.2725752508361206     0.4991120947043997
2.3026755852842813     0.4690700960164713
2.332775919732442     0.44558592301973565
2.362876254180602     0.42763592502317743
2.3929765886287626     0.4097710594577494
2.4230769230769234     0.39782989893922355
2.453177257525084     0.3868135969785792
2.483277591973244     0.3752851245976498
2.5133779264214047     0.3706095859349919
2.5434782608695654     0.359127703284109
2.573578595317726     0.3581345994557408
2.603678929765887     0.34774479044054607
2.6337792642140467     0.34850821144535743
2.6638795986622075     0.3396290827649769
2.693979933110368     0.34137473501943477
2.724080267558529     0.3338136454479833
2.754180602006689     0.33641547454162657
2.7842809364548495     0.3297642775191803
2.8143812709030103     0.33331347325528665
2.844481605351171     0.3272092530874944
2.874581939799331     0.3317839514980726
2.9046822742474916     0.32602395178642507
2.9347826086956523     0.331596681547123
2.964882943143813     0.32616118393390925
2.994983277591974     0.3325890526883642
3.0250836120401337     0.3276125954612232
3.0551839464882944     0.3346684248465297
3.085284280936455     0.3303967409872729
3.115384615384616     0.3378004255712274
3.1454849498327757     0.3345700245239758
3.1755852842809364     0.34198709145855727
3.205685618729097     0.3402495536080484
3.235785953177258     0.3472515487263279
3.2658862876254187     0.3476243627221744
3.2959866220735785     0.3536643725870685
3.3260869565217392     0.3569098178325898
3.3561872909699     0.3614693650464373
3.3862876254180607     0.36818260268829067
3.4163879598662206     0.37134277708200314
3.4464882943143813     0.38113615585417604
3.476588628762542     0.3845731794578142
3.506688963210703     0.3952910407229719
3.5367892976588635     0.4023650479459603
3.5668896321070243     0.41165780773180105
3.596989966555185     0.4239347569267289
3.627090301003344     0.4340742163434179
3.6571906354515047     0.4481393762963681
3.6872909698996654     0.4640037224730004
3.717391304347826     0.48048774922551635
3.747491638795987     0.5003734324786749
3.7775919732441476     0.5239851205352333
3.8076923076923084     0.5513550706893103
3.837792642140469     0.5838740597517293
3.86789297658863     0.623476898157331
3.897993311036789     0.6725707487722242
3.9280936454849495     0.734362666154153
3.9581939799331103     0.8120608296035744
3.988294314381271     0.9016681364163416
4.018394648829432     0.9536485634554919
4.0484949832775925     0.8102325812141458
4.078595317725753     0.511968570180758
4.108695652173914     0.30726767980118685
4.138795986622073     0.19935867369618668
4.168896321070234     0.1400715414970672
4.198996655518394     0.10457592128269948
4.229096989966555     0.08166034697829132
4.259197324414716     0.06595604951070294
4.289297658862877     0.05467724766298478
4.319397993311037     0.0462694229334258
4.349498327759198     0.03981028048316642
4.379598662207359     0.03472396257601164
4.409698996655518     0.030635241566579662
4.4397993311036785     0.027290660289818438
4.469899665551839     0.024513685170963313
4.5     0.022178075009213975
